Using pre-set license
Built from '2021.3/staging' branch; Version is '2021.3.2f1 (d6360bedb9a0) revision 14038539'; Using compiler version '192829333'; Build Type 'Release'
OS: 'Windows 10  (10.0.19044) 64bit CoreSingleLanguage' Language: 'en' Physical Memory: 8038 MB
BatchMode: 1, IsHumanControllingUs: 0, StartBugReporterOnCrash: 0, Is64bit: 1, IsPro: 1

COMMAND LINE ARGUMENTS:
D:\Unity_Game\2021.3.2f1\Editor\Unity.exe
-adb2
-batchMode
-noUpm
-name
AssetImportWorker1
-projectPath
D:/Unity 2D/w3-t3/w3_t3
-logFile
Logs/AssetImportWorker1.log
-srvPort
52662
Successfully changed project path to: D:/Unity 2D/w3-t3/w3_t3
D:/Unity 2D/w3-t3/w3_t3
[UnityMemory] Configuration Parameters - Can be set up in boot.config
    "memorysetup-bucket-allocator-granularity=16"
    "memorysetup-bucket-allocator-bucket-count=8"
    "memorysetup-bucket-allocator-block-size=33554432"
    "memorysetup-bucket-allocator-block-count=8"
    "memorysetup-main-allocator-block-size=16777216"
    "memorysetup-thread-allocator-block-size=16777216"
    "memorysetup-gfx-main-allocator-block-size=16777216"
    "memorysetup-gfx-thread-allocator-block-size=16777216"
    "memorysetup-cache-allocator-block-size=4194304"
    "memorysetup-typetree-allocator-block-size=2097152"
    "memorysetup-profiler-bucket-allocator-granularity=16"
    "memorysetup-profiler-bucket-allocator-bucket-count=8"
    "memorysetup-profiler-bucket-allocator-block-size=33554432"
    "memorysetup-profiler-bucket-allocator-block-count=8"
    "memorysetup-profiler-allocator-block-size=16777216"
    "memorysetup-profiler-editor-allocator-block-size=1048576"
    "memorysetup-temp-allocator-size-main=16777216"
    "memorysetup-job-temp-allocator-block-size=2097152"
    "memorysetup-job-temp-allocator-block-size-background=1048576"
    "memorysetup-job-temp-allocator-reduction-small-platforms=262144"
    "memorysetup-temp-allocator-size-background-worker=32768"
    "memorysetup-temp-allocator-size-job-worker=262144"
    "memorysetup-temp-allocator-size-preload-manager=33554432"
    "memorysetup-temp-allocator-size-nav-mesh-worker=65536"
    "memorysetup-temp-allocator-size-audio-worker=65536"
    "memorysetup-temp-allocator-size-cloud-worker=32768"
    "memorysetup-temp-allocator-size-gi-baking-worker=262144"
    "memorysetup-temp-allocator-size-gfx=262144"
Refreshing native plugins compatible for Editor in 242.64 ms, found 3 plugins.
Preloading 0 native plugins for Editor in 0.00 ms.
Initialize engine version: 2021.3.2f1 (d6360bedb9a0)
[Subsystems] Discovering subsystems at path D:/Unity_Game/2021.3.2f1/Editor/Data/Resources/UnitySubsystems
[Subsystems] Discovering subsystems at path D:/Unity 2D/w3-t3/w3_t3/Assets
GfxDevice: creating device client; threaded=0; jobified=0
Direct3D:
    Version:  Direct3D 11.0 [level 11.1]
    Renderer: NVIDIA GeForce GTX 1050 Ti (ID=0x1c8f)
    Vendor:   NVIDIA
    VRAM:     4021 MB
    Driver:   26.21.14.3630
Initialize mono
Mono path[0] = 'D:/Unity_Game/2021.3.2f1/Editor/Data/Managed'
Mono path[1] = 'D:/Unity_Game/2021.3.2f1/Editor/Data/MonoBleedingEdge/lib/mono/unityjit-win32'
Mono config path = 'D:/Unity_Game/2021.3.2f1/Editor/Data/MonoBleedingEdge/etc'
Using monoOptions --debugger-agent=transport=dt_socket,embedding=1,server=y,suspend=n,address=127.0.0.1:56512
Begin MonoManager ReloadAssembly
Registering precompiled unity dll's ...
Register platform support module: D:/Unity_Game/2021.3.2f1/Editor/Data/PlaybackEngines/WebGLSupport/UnityEditor.WebGL.Extensions.dll
Register platform support module: D:/Unity_Game/2021.3.2f1/Editor/Data/PlaybackEngines/AndroidPlayer/UnityEditor.Android.Extensions.dll
Register platform support module: D:/Unity_Game/2021.3.2f1/Editor/Data/PlaybackEngines/WindowsStandaloneSupport/UnityEditor.WindowsStandalone.Extensions.dll
Registered in 0.005664 seconds.
Native extension for WindowsStandalone target not found
Native extension for Android target not found
Native extension for WebGL target not found
Refreshing native plugins compatible for Editor in 82.42 ms, found 3 plugins.
Preloading 0 native plugins for Editor in 0.00 ms.
Mono: successfully reloaded assembly
- Completed reload, in  0.654 seconds
Domain Reload Profiling:
	ReloadAssembly (654ms)
		BeginReloadAssembly (107ms)
			ExecutionOrderSort (0ms)
			DisableScriptedObjects (0ms)
			BackupInstance (0ms)
			ReleaseScriptingObjects (0ms)
			CreateAndSetChildDomain (1ms)
		EndReloadAssembly (448ms)
			LoadAssemblies (107ms)
			RebuildTransferFunctionScriptingTraits (0ms)
			SetupTypeCache (103ms)
			ReleaseScriptCaches (0ms)
			RebuildScriptCaches (27ms)
			SetupLoadedEditorAssemblies (274ms)
				LogAssemblyErrors (0ms)
				InitializePlatformSupportModulesInManaged (51ms)
				SetLoadedEditorAssemblies (0ms)
				RefreshPlugins (82ms)
				BeforeProcessingInitializeOnLoad (1ms)
				ProcessInitializeOnLoadAttributes (98ms)
				ProcessInitializeOnLoadMethodAttributes (42ms)
				AfterProcessingInitializeOnLoad (0ms)
				EditorAssembliesLoaded (0ms)
			ExecutionOrderSort2 (0ms)
			AwakeInstancesAfterBackupRestoration (0ms)
Platform modules already initialized, skipping
Registering precompiled user dll's ...
Registered in 0.002845 seconds.
Begin MonoManager ReloadAssembly
Symbol file LoadedFromMemory doesn't match image D:\Unity 2D\w3-t3\w3_t3\Library\PackageCache\com.unity.visualscripting@1.7.6\Editor\VisualScripting.Core\Dependencies\YamlDotNet\Unity.VisualScripting.YamlDotNet.dll
Symbol file LoadedFromMemory doesn't match image D:\Unity 2D\w3-t3\w3_t3\Library\PackageCache\com.unity.visualscripting@1.7.6\Editor\VisualScripting.Core\Dependencies\DotNetZip\Unity.VisualScripting.IonicZip.dll
Native extension for WindowsStandalone target not found
Native extension for Android target not found
Native extension for WebGL target not found
Refreshing native plugins compatible for Editor in 0.53 ms, found 3 plugins.
Preloading 0 native plugins for Editor in 0.00 ms.
Mono: successfully reloaded assembly
- Completed reload, in  1.171 seconds
Domain Reload Profiling:
	ReloadAssembly (1171ms)
		BeginReloadAssembly (267ms)
			ExecutionOrderSort (0ms)
			DisableScriptedObjects (6ms)
			BackupInstance (0ms)
			ReleaseScriptingObjects (0ms)
			CreateAndSetChildDomain (166ms)
		EndReloadAssembly (800ms)
			LoadAssemblies (145ms)
			RebuildTransferFunctionScriptingTraits (0ms)
			SetupTypeCache (253ms)
			ReleaseScriptCaches (1ms)
			RebuildScriptCaches (47ms)
			SetupLoadedEditorAssemblies (335ms)
				LogAssemblyErrors (0ms)
				InitializePlatformSupportModulesInManaged (15ms)
				SetLoadedEditorAssemblies (1ms)
				RefreshPlugins (1ms)
				BeforeProcessingInitializeOnLoad (79ms)
				ProcessInitializeOnLoadAttributes (211ms)
				ProcessInitializeOnLoadMethodAttributes (26ms)
				AfterProcessingInitializeOnLoad (2ms)
				EditorAssembliesLoaded (0ms)
			ExecutionOrderSort2 (0ms)
			AwakeInstancesAfterBackupRestoration (5ms)
Platform modules already initialized, skipping
========================================================================
Worker process is ready to serve import requests
Launched and connected shader compiler UnityShaderCompiler.exe after 0.08 seconds
Refreshing native plugins compatible for Editor in 1.02 ms, found 3 plugins.
Preloading 0 native plugins for Editor in 0.00 ms.
Unloading 3373 Unused Serialized files (Serialized files now loaded: 0)
Unloading 26 unused Assets / (112.6 KB). Loaded Objects now: 3833.
Memory consumption went from 117.9 MB to 117.8 MB.
Total: 3.682500 ms (FindLiveObjects: 0.382700 ms CreateObjectMapping: 0.239700 ms MarkObjects: 2.960600 ms  DeleteObjects: 0.098500 ms)

AssetImportParameters requested are different than current active one (requested -> active):
  custom:video-decoder-ogg-theora: a1e56fd34408186e4bbccfd4996cb3dc -> 
  custom:container-muxer-webm: aa71ff27fc2769a1b78a27578f13a17b -> 
  custom:container-demuxer-webm: 4f35f7cbe854078d1ac9338744f61a02 -> 
  custom:video-encoder-webm-vp8: eb34c28f22e8b96e1ab97ce403110664 -> 
  custom:audio-encoder-webm-vorbis: bf7c407c2cedff20999df2af8eb42d56 -> 
  custom:framework-win-MediaFoundation: 216162199b28c13a410421893ffa2e32 -> 
  custom:container-demuxer-ogg: 62fdf1f143b41e24485cea50d1cbac27 -> 
  custom:video-decoder-webm-vp8: 9c59270c3fd7afecdb556c50c9e8de78 -> 
  custom:audio-decoder-ogg-vorbis: bf7c407c2cedff20999df2af8eb42d56 -> 
========================================================================
Received Prepare
Registering precompiled user dll's ...
Registered in 0.002750 seconds.
Begin MonoManager ReloadAssembly
Symbol file LoadedFromMemory doesn't match image D:\Unity 2D\w3-t3\w3_t3\Library\PackageCache\com.unity.visualscripting@1.7.6\Editor\VisualScripting.Core\Dependencies\YamlDotNet\Unity.VisualScripting.YamlDotNet.dll
Symbol file LoadedFromMemory doesn't match image D:\Unity 2D\w3-t3\w3_t3\Library\PackageCache\com.unity.visualscripting@1.7.6\Editor\VisualScripting.Core\Dependencies\DotNetZip\Unity.VisualScripting.IonicZip.dll
Native extension for WindowsStandalone target not found
Native extension for Android target not found
Native extension for WebGL target not found
Refreshing native plugins compatible for Editor in 0.53 ms, found 3 plugins.
Preloading 0 native plugins for Editor in 0.00 ms.
Mono: successfully reloaded assembly
- Completed reload, in  0.984 seconds
Domain Reload Profiling:
	ReloadAssembly (984ms)
		BeginReloadAssembly (138ms)
			ExecutionOrderSort (0ms)
			DisableScriptedObjects (8ms)
			BackupInstance (0ms)
			ReleaseScriptingObjects (0ms)
			CreateAndSetChildDomain (33ms)
		EndReloadAssembly (758ms)
			LoadAssemblies (91ms)
			RebuildTransferFunctionScriptingTraits (0ms)
			SetupTypeCache (266ms)
			ReleaseScriptCaches (1ms)
			RebuildScriptCaches (37ms)
			SetupLoadedEditorAssemblies (338ms)
				LogAssemblyErrors (0ms)
				InitializePlatformSupportModulesInManaged (21ms)
				SetLoadedEditorAssemblies (0ms)
				RefreshPlugins (1ms)
				BeforeProcessingInitializeOnLoad (61ms)
				ProcessInitializeOnLoadAttributes (223ms)
				ProcessInitializeOnLoadMethodAttributes (30ms)
				AfterProcessingInitializeOnLoad (2ms)
				EditorAssembliesLoaded (0ms)
			ExecutionOrderSort2 (0ms)
			AwakeInstancesAfterBackupRestoration (6ms)
Platform modules already initialized, skipping
Refreshing native plugins compatible for Editor in 2.51 ms, found 3 plugins.
Preloading 0 native plugins for Editor in 0.00 ms.
Unloading 3356 Unused Serialized files (Serialized files now loaded: 0)
Unloading 19 unused Assets / (79.4 KB). Loaded Objects now: 3837.
Memory consumption went from 116.6 MB to 116.5 MB.
Total: 2.880000 ms (FindLiveObjects: 0.247200 ms CreateObjectMapping: 0.141400 ms MarkObjects: 2.424800 ms  DeleteObjects: 0.065900 ms)

AssetImportParameters requested are different than current active one (requested -> active):
  custom:video-decoder-ogg-theora: a1e56fd34408186e4bbccfd4996cb3dc -> 
  custom:container-muxer-webm: aa71ff27fc2769a1b78a27578f13a17b -> 
  custom:container-demuxer-webm: 4f35f7cbe854078d1ac9338744f61a02 -> 
  custom:video-encoder-webm-vp8: eb34c28f22e8b96e1ab97ce403110664 -> 
  custom:audio-encoder-webm-vorbis: bf7c407c2cedff20999df2af8eb42d56 -> 
  custom:framework-win-MediaFoundation: 216162199b28c13a410421893ffa2e32 -> 
  custom:container-demuxer-ogg: 62fdf1f143b41e24485cea50d1cbac27 -> 
  custom:video-decoder-webm-vp8: 9c59270c3fd7afecdb556c50c9e8de78 -> 
  custom:audio-decoder-ogg-vorbis: bf7c407c2cedff20999df2af8eb42d56 -> 
========================================================================
Received Prepare
Registering precompiled user dll's ...
Registered in 0.003261 seconds.
Begin MonoManager ReloadAssembly
Symbol file LoadedFromMemory doesn't match image D:\Unity 2D\w3-t3\w3_t3\Library\PackageCache\com.unity.visualscripting@1.7.6\Editor\VisualScripting.Core\Dependencies\YamlDotNet\Unity.VisualScripting.YamlDotNet.dll
Symbol file LoadedFromMemory doesn't match image D:\Unity 2D\w3-t3\w3_t3\Library\PackageCache\com.unity.visualscripting@1.7.6\Editor\VisualScripting.Core\Dependencies\DotNetZip\Unity.VisualScripting.IonicZip.dll
Native extension for WindowsStandalone target not found
Native extension for Android target not found
Native extension for WebGL target not found
Refreshing native plugins compatible for Editor in 0.59 ms, found 3 plugins.
Preloading 0 native plugins for Editor in 0.00 ms.
Mono: successfully reloaded assembly
- Completed reload, in  0.895 seconds
Domain Reload Profiling:
	ReloadAssembly (896ms)
		BeginReloadAssembly (117ms)
			ExecutionOrderSort (0ms)
			DisableScriptedObjects (5ms)
			BackupInstance (0ms)
			ReleaseScriptingObjects (0ms)
			CreateAndSetChildDomain (32ms)
		EndReloadAssembly (696ms)
			LoadAssemblies (76ms)
			RebuildTransferFunctionScriptingTraits (0ms)
			SetupTypeCache (246ms)
			ReleaseScriptCaches (1ms)
			RebuildScriptCaches (36ms)
			SetupLoadedEditorAssemblies (304ms)
				LogAssemblyErrors (0ms)
				InitializePlatformSupportModulesInManaged (19ms)
				SetLoadedEditorAssemblies (0ms)
				RefreshPlugins (1ms)
				BeforeProcessingInitializeOnLoad (57ms)
				ProcessInitializeOnLoadAttributes (199ms)
				ProcessInitializeOnLoadMethodAttributes (27ms)
				AfterProcessingInitializeOnLoad (2ms)
				EditorAssembliesLoaded (0ms)
			ExecutionOrderSort2 (0ms)
			AwakeInstancesAfterBackupRestoration (5ms)
Platform modules already initialized, skipping
Refreshing native plugins compatible for Editor in 1.30 ms, found 3 plugins.
Preloading 0 native plugins for Editor in 0.00 ms.
Unloading 3356 Unused Serialized files (Serialized files now loaded: 0)
Unloading 19 unused Assets / (79.1 KB). Loaded Objects now: 3840.
Memory consumption went from 116.6 MB to 116.5 MB.
Total: 5.094300 ms (FindLiveObjects: 0.413200 ms CreateObjectMapping: 0.312400 ms MarkObjects: 4.231800 ms  DeleteObjects: 0.135500 ms)

AssetImportParameters requested are different than current active one (requested -> active):
  custom:video-decoder-ogg-theora: a1e56fd34408186e4bbccfd4996cb3dc -> 
  custom:container-muxer-webm: aa71ff27fc2769a1b78a27578f13a17b -> 
  custom:container-demuxer-webm: 4f35f7cbe854078d1ac9338744f61a02 -> 
  custom:video-encoder-webm-vp8: eb34c28f22e8b96e1ab97ce403110664 -> 
  custom:audio-encoder-webm-vorbis: bf7c407c2cedff20999df2af8eb42d56 -> 
  custom:framework-win-MediaFoundation: 216162199b28c13a410421893ffa2e32 -> 
  custom:container-demuxer-ogg: 62fdf1f143b41e24485cea50d1cbac27 -> 
  custom:video-decoder-webm-vp8: 9c59270c3fd7afecdb556c50c9e8de78 -> 
  custom:audio-decoder-ogg-vorbis: bf7c407c2cedff20999df2af8eb42d56 -> 
========================================================================
Received Import Request.
  Time since last request: 324463.766207 seconds.
  path: Assets/Scripts/ItemData.cs
  artifactKey: Guid(57d641849601a6b418ce2e72cf44aa1b) Importer(815301076,1909f56bfc062723c751e8b465ee728b)
Start importing Assets/Scripts/ItemData.cs using Guid(57d641849601a6b418ce2e72cf44aa1b) Importer(815301076,1909f56bfc062723c751e8b465ee728b)  -> (artifact id: 'f3cd4da072137693a7de4e36815ce03a') in 0.033414 seconds 
========================================================================
Received Prepare
Registering precompiled user dll's ...
Registered in 0.002752 seconds.
Begin MonoManager ReloadAssembly
Symbol file LoadedFromMemory doesn't match image D:\Unity 2D\w3-t3\w3_t3\Library\PackageCache\com.unity.visualscripting@1.7.6\Editor\VisualScripting.Core\Dependencies\YamlDotNet\Unity.VisualScripting.YamlDotNet.dll
Symbol file LoadedFromMemory doesn't match image D:\Unity 2D\w3-t3\w3_t3\Library\PackageCache\com.unity.visualscripting@1.7.6\Editor\VisualScripting.Core\Dependencies\DotNetZip\Unity.VisualScripting.IonicZip.dll
Native extension for WindowsStandalone target not found
Native extension for Android target not found
Native extension for WebGL target not found
Refreshing native plugins compatible for Editor in 0.58 ms, found 3 plugins.
Preloading 0 native plugins for Editor in 0.00 ms.
Mono: successfully reloaded assembly
- Completed reload, in  1.004 seconds
Domain Reload Profiling:
	ReloadAssembly (1005ms)
		BeginReloadAssembly (134ms)
			ExecutionOrderSort (0ms)
			DisableScriptedObjects (6ms)
			BackupInstance (0ms)
			ReleaseScriptingObjects (0ms)
			CreateAndSetChildDomain (39ms)
		EndReloadAssembly (782ms)
			LoadAssemblies (82ms)
			RebuildTransferFunctionScriptingTraits (0ms)
			SetupTypeCache (250ms)
			ReleaseScriptCaches (2ms)
			RebuildScriptCaches (43ms)
			SetupLoadedEditorAssemblies (357ms)
				LogAssemblyErrors (0ms)
				InitializePlatformSupportModulesInManaged (19ms)
				SetLoadedEditorAssemblies (0ms)
				RefreshPlugins (1ms)
				BeforeProcessingInitializeOnLoad (61ms)
				ProcessInitializeOnLoadAttributes (230ms)
				ProcessInitializeOnLoadMethodAttributes (40ms)
				AfterProcessingInitializeOnLoad (4ms)
				EditorAssembliesLoaded (0ms)
			ExecutionOrderSort2 (0ms)
			AwakeInstancesAfterBackupRestoration (11ms)
Platform modules already initialized, skipping
Refreshing native plugins compatible for Editor in 2.77 ms, found 3 plugins.
Preloading 0 native plugins for Editor in 0.00 ms.
Unloading 3357 Unused Serialized files (Serialized files now loaded: 0)
Unloading 19 unused Assets / (79.0 KB). Loaded Objects now: 3844.
Memory consumption went from 116.6 MB to 116.6 MB.
Total: 3.389300 ms (FindLiveObjects: 0.376000 ms CreateObjectMapping: 0.295600 ms MarkObjects: 2.638100 ms  DeleteObjects: 0.078900 ms)

AssetImportParameters requested are different than current active one (requested -> active):
  custom:video-decoder-ogg-theora: a1e56fd34408186e4bbccfd4996cb3dc -> 
  custom:container-muxer-webm: aa71ff27fc2769a1b78a27578f13a17b -> 
  custom:container-demuxer-webm: 4f35f7cbe854078d1ac9338744f61a02 -> 
  custom:video-encoder-webm-vp8: eb34c28f22e8b96e1ab97ce403110664 -> 
  custom:audio-encoder-webm-vorbis: bf7c407c2cedff20999df2af8eb42d56 -> 
  custom:framework-win-MediaFoundation: 216162199b28c13a410421893ffa2e32 -> 
  custom:container-demuxer-ogg: 62fdf1f143b41e24485cea50d1cbac27 -> 
  custom:video-decoder-webm-vp8: 9c59270c3fd7afecdb556c50c9e8de78 -> 
  custom:audio-decoder-ogg-vorbis: bf7c407c2cedff20999df2af8eb42d56 -> 
========================================================================
Received Import Request.
  Time since last request: 771.664639 seconds.
  path: Assets/Sprites/Kenney UI RPG/arrowBeige_right.png
  artifactKey: Guid(3c24cd054b4e18a4ab11b7cc9b10337e) Importer(815301076,1909f56bfc062723c751e8b465ee728b)
Start importing Assets/Sprites/Kenney UI RPG/arrowBeige_right.png using Guid(3c24cd054b4e18a4ab11b7cc9b10337e) Importer(815301076,1909f56bfc062723c751e8b465ee728b)  -> (artifact id: '5efc4b0174b2a57335831018bfb7eda1') in 0.159843 seconds 
========================================================================
Received Import Request.
  Time since last request: 0.000023 seconds.
  path: Assets/Sprites/Kenney UI RPG/arrowBlue_left.png
  artifactKey: Guid(d8177d11797476c49b40003671973c93) Importer(815301076,1909f56bfc062723c751e8b465ee728b)
Start importing Assets/Sprites/Kenney UI RPG/arrowBlue_left.png using Guid(d8177d11797476c49b40003671973c93) Importer(815301076,1909f56bfc062723c751e8b465ee728b)  -> (artifact id: 'ebdde3898695028b37fe3d3df8b61ce6') in 0.029918 seconds 
========================================================================
Received Import Request.
  Time since last request: 0.000027 seconds.
  path: Assets/Sprites/Kenney UI RPG/arrowBrown_left.png
  artifactKey: Guid(b72f53d9bcbab004dbdb808b7e0752cb) Importer(815301076,1909f56bfc062723c751e8b465ee728b)
Start importing Assets/Sprites/Kenney UI RPG/arrowBrown_left.png using Guid(b72f53d9bcbab004dbdb808b7e0752cb) Importer(815301076,1909f56bfc062723c751e8b465ee728b)  -> (artifact id: 'e0be7643ce727522a0dc3d9916cadf43') in 0.027681 seconds 
========================================================================
Received Import Request.
  Time since last request: 0.000077 seconds.
  path: Assets/Sprites/Kenney UI RPG/arrowSilver_left.png
  artifactKey: Guid(514fbcf5b2eb4ea41bf1bea6ca78f713) Importer(815301076,1909f56bfc062723c751e8b465ee728b)
Start importing Assets/Sprites/Kenney UI RPG/arrowSilver_left.png using Guid(514fbcf5b2eb4ea41bf1bea6ca78f713) Importer(815301076,1909f56bfc062723c751e8b465ee728b)  -> (artifact id: '0ada9b8cdc6e4e19895f0e37e7f533dd') in 0.021074 seconds 
========================================================================
Received Import Request.
  Time since last request: 22.217688 seconds.
  path: Assets/Sprites/Kenney UI RPG/barBack_verticalMid.png
  artifactKey: Guid(949b28a0de2219e41b698d0e8fa97b33) Importer(815301076,1909f56bfc062723c751e8b465ee728b)
Start importing Assets/Sprites/Kenney UI RPG/barBack_verticalMid.png using Guid(949b28a0de2219e41b698d0e8fa97b33) Importer(815301076,1909f56bfc062723c751e8b465ee728b)  -> (artifact id: '59c2736205b8e0ee4ae185ecba6b5de5') in 0.036273 seconds 
========================================================================
Received Import Request.
  Time since last request: 0.000041 seconds.
  path: Assets/Sprites/Kenney UI RPG/barBack_verticalTop.png
  artifactKey: Guid(9362cde53f4cfa249a3b6c52f1d92ddc) Importer(815301076,1909f56bfc062723c751e8b465ee728b)
Start importing Assets/Sprites/Kenney UI RPG/barBack_verticalTop.png using Guid(9362cde53f4cfa249a3b6c52f1d92ddc) Importer(815301076,1909f56bfc062723c751e8b465ee728b)  -> (artifact id: 'a3f3ec84910022533fbe3d4492ff0a97') in 0.021087 seconds 
========================================================================
Received Import Request.
  Time since last request: 0.174983 seconds.
  path: Assets/Sprites/Kenney UI RPG/barBlue_verticalMid.png
  artifactKey: Guid(f69e25b5957c7214f97ef37cea06951a) Importer(815301076,1909f56bfc062723c751e8b465ee728b)
Start importing Assets/Sprites/Kenney UI RPG/barBlue_verticalMid.png using Guid(f69e25b5957c7214f97ef37cea06951a) Importer(815301076,1909f56bfc062723c751e8b465ee728b)  -> (artifact id: '4dc02dfbb595914ab27255806d3480e5') in 0.028673 seconds 
========================================================================
Received Import Request.
  Time since last request: 0.268532 seconds.
  path: Assets/Sprites/Kenney UI RPG/barGreen_horizontalRight.png
  artifactKey: Guid(2fa17d4e04b2fd94eb8edc2c90d5ce2b) Importer(815301076,1909f56bfc062723c751e8b465ee728b)
Start importing Assets/Sprites/Kenney UI RPG/barGreen_horizontalRight.png using Guid(2fa17d4e04b2fd94eb8edc2c90d5ce2b) Importer(815301076,1909f56bfc062723c751e8b465ee728b)  -> (artifact id: '34153b3193da229f71838e9cef9e80bb') in 0.028441 seconds 
========================================================================
Received Import Request.
  Time since last request: 0.000030 seconds.
  path: Assets/Sprites/Kenney UI RPG/barGreen_verticalBottom.png
  artifactKey: Guid(8984a18fe07aa0047b2de42be45f5805) Importer(815301076,1909f56bfc062723c751e8b465ee728b)
Start importing Assets/Sprites/Kenney UI RPG/barGreen_verticalBottom.png using Guid(8984a18fe07aa0047b2de42be45f5805) Importer(815301076,1909f56bfc062723c751e8b465ee728b)  -> (artifact id: '7bef857601385ba46a6c48b6c32ac452') in 0.025793 seconds 
========================================================================
Received Import Request.
  Time since last request: 0.189986 seconds.
  path: Assets/Sprites/Kenney UI RPG/barRed_horizontalRight.png
  artifactKey: Guid(3e892fa7b705fda4a94cbc397d941802) Importer(815301076,1909f56bfc062723c751e8b465ee728b)
Start importing Assets/Sprites/Kenney UI RPG/barRed_horizontalRight.png using Guid(3e892fa7b705fda4a94cbc397d941802) Importer(815301076,1909f56bfc062723c751e8b465ee728b)  -> (artifact id: 'b50da1f67d68eb1410cdaa2ba563f860') in 0.028447 seconds 
========================================================================
Received Import Request.
  Time since last request: 0.280234 seconds.
  path: Assets/Sprites/Kenney UI RPG/barYellow_horizontalRight.png
  artifactKey: Guid(491cd6b1839214745ab5cc09effe85b5) Importer(815301076,1909f56bfc062723c751e8b465ee728b)
Start importing Assets/Sprites/Kenney UI RPG/barYellow_horizontalRight.png using Guid(491cd6b1839214745ab5cc09effe85b5) Importer(815301076,1909f56bfc062723c751e8b465ee728b)  -> (artifact id: '05ff3a2c5ddf798105390de8a40574ee') in 0.039960 seconds 
========================================================================
Received Import Request.
  Time since last request: 0.000022 seconds.
  path: Assets/Sprites/Kenney UI RPG/barYellow_verticalBottom.png
  artifactKey: Guid(e54fd79ba2b94234ea3cb9e55b37ab0e) Importer(815301076,1909f56bfc062723c751e8b465ee728b)
Start importing Assets/Sprites/Kenney UI RPG/barYellow_verticalBottom.png using Guid(e54fd79ba2b94234ea3cb9e55b37ab0e) Importer(815301076,1909f56bfc062723c751e8b465ee728b)  -> (artifact id: 'fb56f75affbce71e898e7694d3f28397') in 0.031782 seconds 
========================================================================
Received Import Request.
  Time since last request: 0.214908 seconds.
  path: Assets/Sprites/Kenney UI RPG/buttonLong_blue.png
  artifactKey: Guid(1ab484117fb5c764e9f61307becf935a) Importer(815301076,1909f56bfc062723c751e8b465ee728b)
Start importing Assets/Sprites/Kenney UI RPG/buttonLong_blue.png using Guid(1ab484117fb5c764e9f61307becf935a) Importer(815301076,1909f56bfc062723c751e8b465ee728b)  -> (artifact id: '87966de12ba86fb5bad89ffab5bc903f') in 0.028375 seconds 
========================================================================
Received Import Request.
  Time since last request: 0.245947 seconds.
  path: Assets/Sprites/Kenney UI RPG/buttonLong_grey.png
  artifactKey: Guid(14aa3cda896c00047abaff7175f60fdf) Importer(815301076,1909f56bfc062723c751e8b465ee728b)
Start importing Assets/Sprites/Kenney UI RPG/buttonLong_grey.png using Guid(14aa3cda896c00047abaff7175f60fdf) Importer(815301076,1909f56bfc062723c751e8b465ee728b)  -> (artifact id: '11119eeccf3192f8b4d08418c92ccdff') in 0.042803 seconds 
========================================================================
Received Import Request.
  Time since last request: 0.000083 seconds.
  path: Assets/Sprites/Kenney UI RPG/buttonRound_beige.png
  artifactKey: Guid(857df6284fd00f748a0226ea7c4d890f) Importer(815301076,1909f56bfc062723c751e8b465ee728b)
Start importing Assets/Sprites/Kenney UI RPG/buttonRound_beige.png using Guid(857df6284fd00f748a0226ea7c4d890f) Importer(815301076,1909f56bfc062723c751e8b465ee728b)  -> (artifact id: '06b60abbb9310bd29a4bccd87df82fa1') in 0.033041 seconds 
========================================================================
Received Import Request.
  Time since last request: 0.198762 seconds.
  path: Assets/Sprites/Kenney UI RPG/buttonSquare_beige.png
  artifactKey: Guid(c45e820e74d75514c95d519a8555a159) Importer(815301076,1909f56bfc062723c751e8b465ee728b)
Start importing Assets/Sprites/Kenney UI RPG/buttonSquare_beige.png using Guid(c45e820e74d75514c95d519a8555a159) Importer(815301076,1909f56bfc062723c751e8b465ee728b)  -> (artifact id: 'e4c3571ecad8c4e31faae4306b563a86') in 0.028074 seconds 
========================================================================
Received Import Request.
  Time since last request: 0.271752 seconds.
  path: Assets/Sprites/Kenney UI RPG/buttonSquare_grey.png
  artifactKey: Guid(39d0d06eea529a042b574d5b7328b5e5) Importer(815301076,1909f56bfc062723c751e8b465ee728b)
Start importing Assets/Sprites/Kenney UI RPG/buttonSquare_grey.png using Guid(39d0d06eea529a042b574d5b7328b5e5) Importer(815301076,1909f56bfc062723c751e8b465ee728b)  -> (artifact id: '40cfbc6a23a34ae2bde188c0160ecb95') in 0.032559 seconds 
========================================================================
Received Import Request.
  Time since last request: 0.236828 seconds.
  path: Assets/Sprites/Kenney UI RPG/cursorHand_beige.png
  artifactKey: Guid(29bb2ccdf3fdd47408dc899e39e2a61c) Importer(815301076,1909f56bfc062723c751e8b465ee728b)
Start importing Assets/Sprites/Kenney UI RPG/cursorHand_beige.png using Guid(29bb2ccdf3fdd47408dc899e39e2a61c) Importer(815301076,1909f56bfc062723c751e8b465ee728b)  -> (artifact id: '9fa2ed2686032c953798c7a877fab0a9') in 0.033455 seconds 
========================================================================
Received Import Request.
  Time since last request: 0.000064 seconds.
  path: Assets/Sprites/Kenney UI RPG/cursorHand_grey.png
  artifactKey: Guid(51bcea4640b7ace4abb8f7eeee8e1d3b) Importer(815301076,1909f56bfc062723c751e8b465ee728b)
Start importing Assets/Sprites/Kenney UI RPG/cursorHand_grey.png using Guid(51bcea4640b7ace4abb8f7eeee8e1d3b) Importer(815301076,1909f56bfc062723c751e8b465ee728b)  -> (artifact id: 'b0ecfa533e97cc53ed8d43c86840df94') in 0.031126 seconds 
========================================================================
Received Import Request.
  Time since last request: 0.508223 seconds.
  path: Assets/Sprites/Kenney UI RPG/iconCheck_bronze.png
  artifactKey: Guid(12b68bd9d4aa8f64eb86c22d42769f18) Importer(815301076,1909f56bfc062723c751e8b465ee728b)
Start importing Assets/Sprites/Kenney UI RPG/iconCheck_bronze.png using Guid(12b68bd9d4aa8f64eb86c22d42769f18) Importer(815301076,1909f56bfc062723c751e8b465ee728b)  -> (artifact id: '93aa2f960c1e150b80078b41046f6169') in 0.026278 seconds 
========================================================================
Received Import Request.
  Time since last request: 0.247880 seconds.
  path: Assets/Sprites/Kenney UI RPG/iconCircle_blue.png
  artifactKey: Guid(40c09dbcd8233ee4e9f2b295675cbe58) Importer(815301076,1909f56bfc062723c751e8b465ee728b)
Start importing Assets/Sprites/Kenney UI RPG/iconCircle_blue.png using Guid(40c09dbcd8233ee4e9f2b295675cbe58) Importer(815301076,1909f56bfc062723c751e8b465ee728b)  -> (artifact id: '636feeabfdbf6d1c6ebbbe22a09a65bc') in 0.023374 seconds 
========================================================================
Received Import Request.
  Time since last request: 0.260143 seconds.
  path: Assets/Sprites/Kenney UI RPG/iconCross_grey.png
  artifactKey: Guid(9bdebb7422b5d1d4fa86d18f25e91710) Importer(815301076,1909f56bfc062723c751e8b465ee728b)
Start importing Assets/Sprites/Kenney UI RPG/iconCross_grey.png using Guid(9bdebb7422b5d1d4fa86d18f25e91710) Importer(815301076,1909f56bfc062723c751e8b465ee728b)  -> (artifact id: '48402861af5bbd0e500216bf1311507c') in 0.030795 seconds 
========================================================================
Received Import Request.
  Time since last request: 0.000028 seconds.
  path: Assets/Sprites/Kenney UI RPG/panel_blue.png
  artifactKey: Guid(67797ea64e830a441aa814f11eb4150c) Importer(815301076,1909f56bfc062723c751e8b465ee728b)
Start importing Assets/Sprites/Kenney UI RPG/panel_blue.png using Guid(67797ea64e830a441aa814f11eb4150c) Importer(815301076,1909f56bfc062723c751e8b465ee728b)  -> (artifact id: 'd979ad5c715c9ea240a9b6b0c59ae5d6') in 0.033342 seconds 
========================================================================
Received Import Request.
  Time since last request: 0.224448 seconds.
  path: Assets/Sprites/Kenney UI RPG/panelInset_beigeLight.png
  artifactKey: Guid(1eeec8e0bd06b2247a28cc4f931de215) Importer(815301076,1909f56bfc062723c751e8b465ee728b)
Start importing Assets/Sprites/Kenney UI RPG/panelInset_beigeLight.png using Guid(1eeec8e0bd06b2247a28cc4f931de215) Importer(815301076,1909f56bfc062723c751e8b465ee728b)  -> (artifact id: '29c12417e857245ea87c670766954dfe') in 0.043289 seconds 
Editor requested this worker to shutdown with reason: Scaling down because of idle timeout
AssetImportWorker is now disconnected from the server
Process exiting
Exiting without the bug reporter. Application will terminate with return code 0